# JRE version: OpenJDK Runtime Environment (8.0_292-b10) (build 1.8.0_292-b10)
# Java VM: OpenJDK 64-Bit Server VM (25.292-b10 mixed mode windows-amd64 compressed oops)
Heap:
 PSYoungGen      total 242688K, used 75063K [0x00000000d6900000, 0x00000000ec880000, 0x0000000100000000)
  eden space 230400K, 27% used [0x00000000d6900000,0x00000000da6545a0,0x00000000e4a00000)
  from space 12288K, 99% used [0x00000000e4a00000,0x00000000e55f99f0,0x00000000e5600000)
  to   space 16384K, 0% used [0x00000000eb880000,0x00000000eb880000,0x00000000ec880000)
 ParOldGen       total 68608K, used 20087K [0x0000000083a00000, 0x0000000087d00000, 0x00000000d6900000)
  object space 68608K, 29% used [0x0000000083a00000,0x0000000084d9dc98,0x0000000087d00000)
 Metaspace       used 55272K, capacity 58174K, committed 58280K, reserved 1099776K
  class space    used 7589K, capacity 8077K, committed 8112K, reserved 1048576K
GC Heap History (10 events):
Event: 2.795 GC heap before
{Heap before GC invocations=7 (full 1):
 PSYoungGen      total 139264K, used 6320K [0x00000000d6900000, 0x00000000df900000, 0x0000000100000000)
  eden space 131072K, 0% used [0x00000000d6900000,0x00000000d6900000,0x00000000de900000)
  from space 8192K, 77% used [0x00000000df100000,0x00000000df72c3b8,0x00000000df900000)
  to   space 8192K, 0% used [0x00000000de900000,0x00000000de900000,0x00000000df100000)
 ParOldGen       total 86016K, used 4349K [0x0000000083a00000, 0x0000000088e00000, 0x00000000d6900000)
  object space 86016K, 5% used [0x0000000083a00000,0x0000000083e3f4a0,0x0000000088e00000)
 Metaspace       used 20377K, capacity 21198K, committed 21296K, reserved 1067008K
  class space    used 2630K, capacity 2841K, committed 2864K, reserved 1048576K
Event: 2.828 GC heap after
Heap after GC invocations=7 (full 1):
 PSYoungGen      total 139264K, used 0K [0x00000000d6900000, 0x00000000df900000, 0x0000000100000000)
  eden space 131072K, 0% used [0x00000000d6900000,0x00000000d6900000,0x00000000de900000)
  from space 8192K, 0% used [0x00000000df100000,0x00000000df100000,0x00000000df900000)
  to   space 8192K, 0% used [0x00000000de900000,0x00000000de900000,0x00000000df100000)
 ParOldGen       total 48640K, used 6482K [0x0000000083a00000, 0x0000000086980000, 0x00000000d6900000)
  object space 48640K, 13% used [0x0000000083a00000,0x0000000084054a68,0x0000000086980000)
 Metaspace       used 20377K, capacity 21198K, committed 21296K, reserved 1067008K
  class space    used 2630K, capacity 2841K, committed 2864K, reserved 1048576K
}
Event: 5.825 GC heap before
{Heap before GC invocations=8 (full 1):
 PSYoungGen      total 139264K, used 131072K [0x00000000d6900000, 0x00000000df900000, 0x0000000100000000)
  eden space 131072K, 100% used [0x00000000d6900000,0x00000000de900000,0x00000000de900000)
  from space 8192K, 0% used [0x00000000df100000,0x00000000df100000,0x00000000df900000)
  to   space 8192K, 0% used [0x00000000de900000,0x00000000de900000,0x00000000df100000)
 ParOldGen       total 48640K, used 6482K [0x0000000083a00000, 0x0000000086980000, 0x00000000d6900000)
  object space 48640K, 13% used [0x0000000083a00000,0x0000000084054a68,0x0000000086980000)
 Metaspace       used 30366K, capacity 32284K, committed 32560K, reserved 1077248K
  class space    used 4013K, capacity 4366K, committed 4400K, reserved 1048576K
Event: 5.851 GC heap after
Heap after GC invocations=8 (full 1):
 PSYoungGen      total 139264K, used 8173K [0x00000000d6900000, 0x00000000e6280000, 0x0000000100000000)
  eden space 131072K, 0% used [0x00000000d6900000,0x00000000d6900000,0x00000000de900000)
  from space 8192K, 99% used [0x00000000de900000,0x00000000df0fb6f8,0x00000000df100000)
  to   space 11776K, 0% used [0x00000000e5700000,0x00000000e5700000,0x00000000e6280000)
 ParOldGen       total 48640K, used 11988K [0x0000000083a00000, 0x0000000086980000, 0x00000000d6900000)
  object space 48640K, 24% used [0x0000000083a00000,0x00000000845b52f0,0x0000000086980000)
 Metaspace       used 30366K, capacity 32284K, committed 32560K, reserved 1077248K
  class space    used 4013K, capacity 4366K, committed 4400K, reserved 1048576K
}
Event: 6.883 GC heap before
{Heap before GC invocations=9 (full 1):
 PSYoungGen      total 139264K, used 85053K [0x00000000d6900000, 0x00000000e6280000, 0x0000000100000000)
  eden space 131072K, 58% used [0x00000000d6900000,0x00000000db413da0,0x00000000de900000)
  from space 8192K, 99% used [0x00000000de900000,0x00000000df0fb6f8,0x00000000df100000)
  to   space 11776K, 0% used [0x00000000e5700000,0x00000000e5700000,0x00000000e6280000)
 ParOldGen       total 48640K, used 11988K [0x0000000083a00000, 0x0000000086980000, 0x00000000d6900000)
  object space 48640K, 24% used [0x0000000083a00000,0x00000000845b52f0,0x0000000086980000)
 Metaspace       used 33425K, capacity 35394K, committed 35496K, reserved 1079296K
  class space    used 4380K, capacity 4725K, committed 4784K, reserved 1048576K
Event: 6.919 GC heap after
Heap after GC invocations=9 (full 1):
 PSYoungGen      total 241664K, used 8837K [0x00000000d6900000, 0x00000000e6200000, 0x0000000100000000)
  eden space 230400K, 0% used [0x00000000d6900000,0x00000000d6900000,0x00000000e4a00000)
  from space 11264K, 78% used [0x00000000e5700000,0x00000000e5fa14c8,0x00000000e6200000)
  to   space 12288K, 0% used [0x00000000e4a00000,0x00000000e4a00000,0x00000000e5600000)
 ParOldGen       total 48640K, used 11996K [0x0000000083a00000, 0x0000000086980000, 0x00000000d6900000)
  object space 48640K, 24% used [0x0000000083a00000,0x00000000845b72f0,0x0000000086980000)
 Metaspace       used 33425K, capacity 35394K, committed 35496K, reserved 1079296K
  class space    used 4380K, capacity 4725K, committed 4784K, reserved 1048576K
}
Event: 6.919 GC heap before
{Heap before GC invocations=10 (full 2):
 PSYoungGen      total 241664K, used 8837K [0x00000000d6900000, 0x00000000e6200000, 0x0000000100000000)
  eden space 230400K, 0% used [0x00000000d6900000,0x00000000d6900000,0x00000000e4a00000)
  from space 11264K, 78% used [0x00000000e5700000,0x00000000e5fa14c8,0x00000000e6200000)
  to   space 12288K, 0% used [0x00000000e4a00000,0x00000000e4a00000,0x00000000e5600000)
 ParOldGen       total 48640K, used 11996K [0x0000000083a00000, 0x0000000086980000, 0x00000000d6900000)
  object space 48640K, 24% used [0x0000000083a00000,0x00000000845b72f0,0x0000000086980000)
 Metaspace       used 33425K, capacity 35394K, committed 35496K, reserved 1079296K
  class space    used 4380K, capacity 4725K, committed 4784K, reserved 1048576K
Event: 6.984 GC heap after
Heap after GC invocations=10 (full 2):
 PSYoungGen      total 241664K, used 0K [0x00000000d6900000, 0x00000000e6200000, 0x0000000100000000)
  eden space 230400K, 0% used [0x00000000d6900000,0x00000000d6900000,0x00000000e4a00000)
  from space 11264K, 0% used [0x00000000e5700000,0x00000000e5700000,0x00000000e6200000)
  to   space 12288K, 0% used [0x00000000e4a00000,0x00000000e4a00000,0x00000000e5600000)
 ParOldGen       total 68608K, used 13521K [0x0000000083a00000, 0x0000000087d00000, 0x00000000d6900000)
  object space 68608K, 19% used [0x0000000083a00000,0x00000000847347e0,0x0000000087d00000)
 Metaspace       used 33425K, capacity 35394K, committed 35496K, reserved 1079296K
  class space    used 4380K, capacity 4725K, committed 4784K, reserved 1048576K
}
Event: 11.816 GC heap before
{Heap before GC invocations=11 (full 2):
 PSYoungGen      total 241664K, used 230400K [0x00000000d6900000, 0x00000000e6200000, 0x0000000100000000)
  eden space 230400K, 100% used [0x00000000d6900000,0x00000000e4a00000,0x00000000e4a00000)
  from space 11264K, 0% used [0x00000000e5700000,0x00000000e5700000,0x00000000e6200000)
  to   space 12288K, 0% used [0x00000000e4a00000,0x00000000e4a00000,0x00000000e5600000)
 ParOldGen       total 68608K, used 13521K [0x0000000083a00000, 0x0000000087d00000, 0x00000000d6900000)
  object space 68608K, 19% used [0x0000000083a00000,0x00000000847347e0,0x0000000087d00000)
 Metaspace       used 51428K, capacity 53900K, committed 54184K, reserved 1095680K
  class space    used 7067K, capacity 7506K, committed 7600K, reserved 1048576K
Event: 11.869 GC heap after
Heap after GC invocations=11 (full 2):
 PSYoungGen      total 242688K, used 12262K [0x00000000d6900000, 0x00000000ec880000, 0x0000000100000000)
  eden space 230400K, 0% used [0x00000000d6900000,0x00000000d6900000,0x00000000e4a00000)
  from space 12288K, 99% used [0x00000000e4a00000,0x00000000e55f99f0,0x00000000e5600000)
  to   space 16384K, 0% used [0x00000000eb880000,0x00000000eb880000,0x00000000ec880000)
 ParOldGen       total 68608K, used 20087K [0x0000000083a00000, 0x0000000087d00000, 0x00000000d6900000)
  object space 68608K, 29% used [0x0000000083a00000,0x0000000084d9dc98,0x0000000087d00000)
 Metaspace       used 51428K, capacity 53900K, committed 54184K, reserved 1095680K
  class space    used 7067K, capacity 7506K, committed 7600K, reserved 1048576K
}

